SF:lib\src\data\service\api_service.dart
DA:8,3
DA:13,2
DA:15,1
DA:17,3
DA:19,1
DA:23,1
DA:24,4
DA:26,0
DA:30,1
DA:33,3
DA:34,1
DA:35,1
DA:40,1
DA:41,4
DA:43,0
LF:15
LH:13
end_of_record
SF:lib\src\data\service\firebase_service.dart
DA:11,5
DA:15,8
DA:21,4
DA:28,3
DA:37,3
DA:40,1
DA:45,2
DA:46,1
DA:47,3
DA:48,2
DA:49,1
DA:50,2
DA:51,1
DA:52,2
DA:53,1
DA:57,1
DA:61,1
DA:66,3
DA:68,3
DA:69,1
DA:73,1
DA:74,2
DA:75,1
DA:76,2
DA:77,1
DA:78,2
DA:79,1
DA:82,1
DA:86,0
DA:91,0
DA:92,0
DA:93,0
DA:94,0
DA:103,1
DA:106,2
DA:107,2
DA:109,4
DA:116,1
DA:117,3
DA:120,0
DA:123,0
DA:125,0
DA:126,0
DA:128,0
DA:133,0
DA:134,0
DA:135,0
DA:136,0
DA:137,0
DA:138,0
DA:139,0
DA:143,0
DA:147,0
DA:150,0
DA:153,0
DA:158,1
DA:161,3
DA:163,2
DA:164,1
DA:165,1
DA:166,1
DA:169,3
DA:171,5
DA:173,1
DA:177,1
DA:179,3
DA:181,2
DA:183,3
DA:184,3
DA:186,5
DA:190,1
DA:194,1
DA:196,2
DA:197,1
DA:198,1
DA:199,1
DA:200,5
DA:202,1
DA:206,0
DA:207,0
DA:208,0
DA:209,0
DA:210,0
DA:211,0
DA:213,0
DA:216,1
DA:218,3
DA:220,1
DA:224,3
DA:225,6
DA:228,0
DA:229,0
DA:232,2
DA:233,2
DA:234,2
DA:235,2
DA:239,3
DA:240,6
LF:98
LH:68
end_of_record
SF:lib\src\data\model\User.dart
DA:6,23
DA:26,2
DA:28,10
DA:30,4
DA:39,4
DA:40,4
DA:41,1
DA:42,4
DA:43,1
DA:44,1
DA:45,1
DA:46,4
DA:50,6
DA:51,6
DA:52,6
DA:53,6
DA:54,6
DA:55,6
DA:56,6
DA:57,6
DA:58,6
LF:21
LH:21
end_of_record
SF:lib\src\data\model\UserFirestore.dart
DA:15,3
DA:25,1
DA:26,1
DA:27,1
DA:28,1
DA:29,1
DA:30,1
DA:31,1
DA:32,1
DA:33,1
DA:37,1
DA:38,1
DA:39,1
DA:40,1
DA:41,1
DA:42,1
DA:43,2
DA:44,1
DA:45,2
DA:49,2
DA:52,16
LF:21
LH:21
end_of_record
SF:lib\src\bloc\auth\auth_state.dart
DA:3,14
DA:13,16
DA:15,3
DA:16,3
DA:18,14
DA:19,1
DA:20,3
DA:21,9
LF:8
LH:8
end_of_record
SF:lib\src\bloc\auth\auth_event.dart
DA:5,4
DA:13,4
DA:17,1
LF:3
LH:3
end_of_record
SF:lib\src\bloc\auth\auth_bloc.dart
DA:16,4
DA:19,12
DA:20,6
DA:22,20
DA:34,12
DA:36,4
DA:39,4
DA:40,16
DA:41,1
DA:42,0
DA:43,1
DA:44,4
DA:48,4
DA:50,8
DA:51,9
DA:55,3
DA:62,0
DA:63,0
DA:67,1
DA:68,2
DA:70,4
DA:72,3
DA:73,1
DA:74,2
DA:75,1
DA:76,1
DA:77,1
DA:81,4
DA:82,8
DA:83,4
LF:30
LH:27
end_of_record
SF:lib\src\data\repository\user_repository.dart
DA:15,2
DA:17,1
DA:20,3
DA:25,3
DA:27,1
DA:29,1
DA:31,1
DA:34,1
DA:37,1
DA:41,1
DA:43,3
DA:47,1
DA:48,3
DA:50,3
DA:51,1
DA:52,1
DA:53,1
DA:54,2
DA:56,1
DA:60,1
DA:62,3
DA:65,3
DA:66,1
DA:67,1
DA:68,1
DA:69,2
DA:71,1
DA:78,1
DA:82,3
DA:85,1
DA:86,2
DA:89,2
DA:90,8
DA:93,2
DA:94,2
DA:100,2
DA:101,4
DA:102,2
DA:105,1
DA:107,3
DA:113,1
DA:115,3
DA:121,1
DA:122,3
DA:125,1
DA:126,3
DA:129,1
DA:139,1
DA:146,1
DA:148,2
DA:150,1
DA:151,3
DA:155,4
DA:156,2
DA:157,3
DA:158,2
DA:159,3
DA:160,1
DA:161,1
DA:165,1
DA:167,1
DA:170,1
DA:171,1
DA:172,1
DA:173,2
DA:175,1
LF:66
LH:66
end_of_record
SF:lib\src\data\model\ReturnRepository.dart
DA:5,3
DA:7,3
LF:2
LH:2
end_of_record
SF:lib\utils\utils.dart
DA:1,1
DA:2,2
DA:6,1
DA:8,1
DA:9,1
DA:10,1
DA:12,1
DA:13,1
DA:15,1
DA:16,1
DA:18,0
DA:19,0
DA:21,0
DA:22,0
DA:24,0
DA:26,0
DA:27,0
LF:17
LH:10
end_of_record
SF:lib\src\cubit\forget_password\forgetpassword_state.dart
DA:7,1
DA:8,1
DA:14,2
DA:16,1
DA:17,3
DA:24,2
DA:25,1
DA:26,2
DA:32,2
DA:33,1
DA:34,2
LF:11
LH:11
end_of_record
SF:lib\src\cubit\forget_password\forgetpassword_cubit.dart
DA:12,6
DA:14,2
DA:16,6
DA:17,4
DA:18,2
DA:19,6
DA:21,4
DA:25,2
DA:28,6
DA:29,4
DA:30,2
DA:31,3
DA:33,4
LF:13
LH:13
end_of_record
SF:lib\src\cubit\home\home_state.dart
DA:6,3
DA:10,6
DA:11,3
DA:15,4
DA:16,3
LF:5
LH:5
end_of_record
SF:lib\src\cubit\home\home_cubit.dart
DA:8,9
DA:10,2
DA:11,4
LF:3
LH:3
end_of_record
SF:lib\src\bloc\signin\signin_bloc.dart
DA:14,15
DA:22,2
DA:25,2
DA:26,6
DA:27,2
DA:28,8
DA:29,2
DA:30,6
DA:31,2
DA:32,8
DA:33,2
DA:35,12
DA:36,6
DA:41,2
DA:42,8
DA:44,3
DA:46,2
DA:48,4
DA:49,6
DA:52,2
DA:53,4
DA:55,6
DA:57,2
DA:59,4
DA:60,6
DA:63,1
DA:64,4
DA:66,3
DA:68,2
DA:69,6
DA:70,2
DA:72,8
DA:73,6
DA:75,3
DA:80,2
DA:82,6
DA:88,2
DA:91,6
DA:97,2
DA:99,6
DA:105,2
DA:107,6
DA:113,2
DA:114,4
LF:44
LH:44
end_of_record
SF:lib\src\bloc\signin\signin_event.dart
DA:5,2
DA:9,2
DA:13,2
DA:17,2
DA:21,2
DA:26,2
DA:31,2
DA:35,2
LF:8
LH:8
end_of_record
SF:lib\src\bloc\signin\signin_state.dart
DA:9,5
DA:17,2
DA:24,2
DA:25,2
DA:26,2
DA:27,2
DA:28,2
DA:29,2
DA:33,2
DA:34,12
LF:10
LH:10
end_of_record
SF:lib\src\bloc\signup\signup_event.dart
DA:5,2
DA:9,2
DA:15,2
DA:21,2
DA:27,2
DA:33,2
DA:38,2
DA:43,2
DA:51,2
DA:57,2
DA:61,1
DA:65,1
DA:71,2
LF:13
LH:13
end_of_record
SF:lib\src\bloc\signup\signup_bloc.dart
DA:16,9
DA:19,2
DA:22,2
DA:23,6
DA:24,4
DA:25,2
DA:27,2
DA:29,6
DA:30,6
DA:32,4
DA:33,2
DA:36,3
DA:38,1
DA:42,2
DA:43,6
DA:44,4
DA:45,2
DA:47,2
DA:48,6
DA:49,4
DA:50,2
DA:52,2
DA:53,6
DA:55,4
DA:56,2
DA:58,2
DA:59,6
DA:60,4
DA:61,2
DA:63,2
DA:64,6
DA:65,4
DA:66,2
DA:68,2
DA:70,4
DA:71,6
DA:85,1
DA:86,4
DA:88,2
DA:89,10
DA:90,2
DA:91,8
DA:92,1
DA:94,2
DA:95,3
DA:96,1
DA:97,4
DA:99,3
DA:101,1
DA:103,2
DA:104,3
DA:105,1
DA:106,4
DA:108,3
DA:113,2
DA:122,6
DA:123,6
DA:124,6
DA:125,6
DA:126,6
DA:127,6
DA:128,4
DA:134,1
DA:136,3
DA:142,1
DA:144,3
DA:150,2
DA:152,14
DA:153,12
DA:159,2
DA:161,4
DA:162,6
LF:72
LH:72
end_of_record
SF:lib\src\bloc\signup\signup_state.dart
DA:17,3
DA:32,2
DA:46,2
DA:47,2
DA:48,2
DA:49,2
DA:50,2
DA:51,2
DA:52,2
DA:53,2
DA:54,2
DA:55,2
DA:56,2
DA:57,2
DA:58,2
DA:62,4
DA:63,2
DA:64,2
DA:65,2
DA:66,2
DA:67,2
DA:68,2
DA:69,2
DA:70,2
DA:71,2
DA:72,2
DA:73,2
DA:74,2
LF:28
LH:28
end_of_record
SF:lib\src\mixins\validation_mixins.dart
DA:2,4
DA:3,4
DA:4,4
DA:8,3
DA:10,3
DA:11,3
DA:15,5
DA:16,10
LF:8
LH:8
end_of_record
SF:lib\src\page\forgot_password.dart
DA:9,4
DA:11,1
DA:12,1
DA:22,1
DA:23,2
DA:26,1
DA:27,1
DA:29,1
DA:35,1
DA:36,1
DA:37,1
DA:38,1
DA:40,1
DA:42,1
DA:44,1
DA:46,1
DA:49,1
DA:50,1
DA:51,1
DA:52,1
DA:53,2
DA:54,2
DA:55,2
DA:58,1
DA:60,1
DA:66,1
DA:72,1
DA:77,2
DA:80,1
DA:81,1
DA:82,1
DA:83,1
DA:90,1
DA:93,1
DA:94,1
DA:95,1
DA:96,1
DA:97,2
DA:98,1
DA:99,3
DA:102,1
DA:104,1
DA:110,1
DA:116,1
DA:121,2
DA:124,1
DA:125,1
DA:126,1
DA:127,1
DA:137,1
DA:138,1
DA:139,3
DA:140,1
DA:141,1
DA:144,1
DA:145,1
DA:146,1
DA:147,1
DA:148,2
DA:149,1
DA:151,1
DA:153,2
DA:154,2
DA:155,2
DA:156,2
DA:168,1
DA:169,1
DA:171,1
DA:177,1
DA:178,1
DA:180,1
DA:183,1
DA:184,1
DA:185,3
DA:186,1
DA:187,1
DA:190,1
DA:191,1
DA:192,1
DA:193,1
DA:194,2
DA:195,1
DA:197,0
DA:198,0
DA:210,1
DA:212,1
DA:213,1
DA:214,1
DA:215,1
DA:220,1
DA:221,4
DA:222,1
DA:226,1
DA:227,1
DA:228,1
DA:229,2
DA:230,1
DA:231,1
DA:232,2
DA:233,1
DA:235,1
DA:236,2
DA:237,1
DA:238,2
DA:239,1
DA:244,1
DA:245,1
DA:246,1
DA:247,1
DA:249,1
DA:251,1
DA:257,1
DA:260,1
DA:262,1
DA:264,1
DA:268,1
DA:271,1
DA:272,1
DA:273,1
DA:274,1
DA:275,2
DA:276,2
DA:279,1
DA:281,1
DA:287,1
DA:293,1
DA:297,1
DA:298,1
DA:301,1
DA:303,1
DA:304,1
DA:311,1
DA:314,1
DA:315,1
DA:316,1
DA:317,1
DA:318,1
DA:319,3
DA:321,1
DA:323,1
DA:325,1
DA:327,1
DA:328,1
DA:329,1
DA:333,1
LF:145
LH:143
end_of_record
SF:lib\src\ui\widgets\ModalDialog.dart
DA:3,1
DA:5,1
DA:8,1
DA:9,1
DA:10,1
DA:13,1
DA:14,1
DA:20,1
LF:8
LH:8
end_of_record
SF:lib\src\page\signin.dart
DA:14,8
DA:15,4
DA:16,4
DA:21,1
DA:23,1
DA:26,1
DA:27,1
DA:28,1
DA:31,1
DA:32,1
DA:38,1
DA:46,1
DA:47,1
DA:49,1
DA:55,1
DA:56,1
DA:69,1
DA:70,1
DA:71,3
DA:72,1
DA:73,1
DA:76,1
DA:77,1
DA:78,1
DA:79,1
DA:80,2
DA:81,1
DA:83,1
DA:84,3
DA:85,2
DA:97,4
DA:99,4
DA:100,4
DA:101,4
DA:102,4
DA:106,4
DA:108,4
DA:111,4
DA:112,4
DA:113,12
DA:114,4
DA:118,4
DA:119,1
DA:120,4
DA:121,2
DA:122,1
DA:124,3
DA:125,2
DA:126,1
DA:127,2
DA:128,1
DA:133,2
DA:134,1
DA:135,1
DA:136,3
DA:140,4
DA:141,4
DA:142,4
DA:143,4
DA:146,4
DA:147,4
DA:148,4
DA:150,4
DA:151,4
DA:152,4
DA:153,1
DA:154,1
DA:155,2
DA:156,4
DA:161,4
DA:162,4
DA:163,4
DA:168,4
DA:171,4
DA:172,4
DA:173,1
DA:175,1
DA:176,2
DA:178,4
DA:182,4
DA:183,4
DA:184,4
DA:194,4
DA:196,4
DA:198,4
DA:201,4
DA:202,4
DA:204,4
DA:206,4
DA:209,4
DA:210,4
DA:212,4
DA:213,4
DA:215,4
DA:216,4
DA:217,0
DA:219,4
DA:238,8
DA:240,4
DA:241,4
DA:245,1
DA:247,1
DA:248,2
DA:253,4
DA:255,4
DA:257,4
DA:259,4
DA:261,4
DA:262,4
DA:263,1
DA:264,1
DA:266,3
DA:269,3
DA:272,4
DA:274,4
DA:280,4
DA:286,4
DA:290,8
DA:293,4
DA:295,4
DA:298,4
DA:307,4
DA:309,4
DA:311,4
DA:312,4
DA:319,4
DA:321,4
DA:323,4
DA:325,4
DA:326,4
DA:327,4
DA:328,4
DA:329,4
DA:330,4
DA:331,4
DA:333,4
DA:334,1
DA:335,3
DA:336,4
DA:337,4
DA:338,3
DA:339,2
DA:341,4
DA:342,4
DA:345,4
DA:351,4
DA:357,4
DA:362,8
DA:365,4
DA:367,4
DA:368,4
DA:372,4
DA:374,4
DA:377,4
DA:379,4
DA:391,8
DA:393,4
DA:395,4
DA:396,1
DA:397,3
DA:399,4
DA:400,4
DA:402,4
DA:405,4
DA:406,4
DA:407,16
DA:408,4
DA:410,4
DA:412,4
DA:414,4
DA:415,4
DA:416,4
DA:417,4
DA:420,4
LF:174
LH:173
end_of_record
SF:lib\src\page\signup.dart
DA:12,8
DA:13,2
DA:14,2
DA:20,1
DA:21,1
DA:22,2
DA:25,2
DA:32,1
DA:33,1
DA:36,1
DA:37,1
DA:38,1
DA:40,1
DA:41,1
DA:42,1
DA:48,1
DA:56,1
DA:57,1
DA:62,1
DA:63,1
DA:76,1
DA:77,1
DA:78,1
DA:79,3
DA:80,1
DA:81,1
DA:84,1
DA:85,1
DA:87,1
DA:88,2
DA:89,1
DA:91,3
DA:103,2
DA:105,2
DA:106,2
DA:107,2
DA:108,2
DA:112,2
DA:114,2
DA:117,2
DA:118,8
DA:119,2
DA:123,2
DA:124,1
DA:125,4
DA:127,0
DA:128,0
DA:129,0
DA:130,0
DA:131,0
DA:132,0
DA:136,2
DA:137,1
DA:139,1
DA:140,2
DA:143,2
DA:144,2
DA:145,2
DA:146,2
DA:149,2
DA:150,2
DA:151,2
DA:153,2
DA:154,2
DA:155,0
DA:156,0
DA:157,0
DA:158,2
DA:163,2
DA:164,2
DA:165,2
DA:170,2
DA:173,2
DA:174,0
DA:176,0
DA:177,0
DA:179,2
DA:183,2
DA:184,2
DA:185,2
DA:195,2
DA:197,2
DA:199,2
DA:202,2
DA:203,2
DA:204,2
DA:205,2
DA:206,2
DA:207,2
DA:209,2
DA:210,2
DA:212,2
DA:225,4
DA:227,2
DA:228,2
DA:232,1
DA:233,3
DA:236,2
DA:238,2
DA:240,2
DA:242,2
DA:245,2
DA:249,2
DA:251,2
DA:253,2
DA:255,2
DA:256,2
DA:257,2
DA:258,1
DA:259,3
DA:260,2
DA:261,2
DA:263,2
DA:264,2
DA:270,2
DA:272,2
DA:273,2
DA:274,2
DA:276,4
DA:277,2
DA:278,1
DA:279,1
DA:280,2
DA:282,2
DA:284,2
DA:285,2
DA:287,4
DA:288,2
DA:289,2
DA:291,4
DA:292,2
DA:294,2
DA:295,4
DA:296,2
DA:297,2
DA:300,2
DA:302,2
DA:309,2
DA:310,2
DA:312,2
DA:314,2
DA:325,4
DA:327,2
DA:328,2
DA:333,1
DA:334,2
DA:337,3
DA:343,1
DA:344,1
DA:345,1
DA:346,2
DA:348,1
DA:349,2
DA:352,2
DA:354,2
DA:356,2
DA:358,2
DA:360,2
DA:361,2
DA:362,1
DA:363,3
DA:364,3
DA:366,3
DA:368,2
DA:369,2
DA:370,2
DA:371,1
DA:372,3
DA:373,1
DA:374,3
DA:378,2
DA:379,2
DA:380,1
DA:381,2
DA:382,1
DA:384,2
DA:385,2
DA:386,4
DA:387,2
DA:388,2
DA:392,2
DA:398,2
DA:404,2
DA:409,4
DA:412,2
DA:414,2
DA:415,2
DA:419,2
DA:430,4
DA:432,2
DA:433,2
DA:437,1
DA:439,1
DA:440,2
DA:445,2
DA:447,2
DA:449,2
DA:451,2
DA:453,2
DA:454,2
DA:455,1
DA:456,1
DA:458,3
DA:461,3
DA:464,2
DA:466,2
DA:472,2
DA:478,2
DA:482,4
DA:485,2
DA:487,2
DA:490,2
DA:499,4
DA:501,2
DA:502,2
DA:510,1
DA:511,1
DA:512,2
DA:514,3
DA:515,1
DA:516,1
DA:519,2
DA:520,4
DA:521,3
DA:525,2
DA:527,2
DA:529,2
DA:531,2
DA:533,2
DA:535,2
DA:536,2
DA:537,2
DA:538,1
DA:539,2
DA:540,1
DA:542,2
DA:544,2
DA:550,2
DA:556,2
DA:560,4
DA:563,2
DA:565,2
DA:566,2
DA:570,2
DA:579,2
DA:582,2
DA:585,2
DA:586,2
DA:592,2
DA:594,2
DA:596,2
DA:598,2
DA:599,2
DA:600,1
DA:601,3
DA:602,2
DA:603,2
DA:604,2
DA:606,2
DA:607,2
DA:608,2
DA:609,2
DA:611,6
DA:612,1
DA:614,2
DA:615,3
DA:617,4
DA:619,2
DA:620,1
DA:624,3
DA:627,1
DA:628,4
DA:629,3
DA:631,1
DA:632,2
DA:635,1
DA:636,1
DA:637,2
DA:638,2
DA:639,2
DA:640,3
DA:641,1
DA:643,1
DA:644,1
DA:645,1
DA:647,8
DA:652,2
DA:658,2
DA:664,2
DA:669,4
DA:672,2
DA:674,2
DA:675,2
DA:680,2
DA:682,2
DA:685,2
DA:687,2
DA:701,2
DA:707,2
DA:708,2
DA:714,2
DA:716,2
DA:718,2
DA:720,2
DA:721,2
DA:722,1
DA:723,3
DA:724,2
DA:725,2
DA:727,2
DA:728,4
DA:729,2
DA:730,2
DA:732,6
DA:733,1
DA:735,2
DA:736,3
DA:739,1
DA:740,2
DA:743,3
DA:746,1
DA:747,4
DA:748,3
DA:750,1
DA:751,2
DA:754,1
DA:755,1
DA:756,2
DA:757,2
DA:758,2
DA:759,3
DA:760,1
DA:762,1
DA:763,1
DA:764,1
DA:766,2
DA:767,6
DA:773,2
DA:779,2
DA:785,2
DA:790,4
DA:793,2
DA:795,2
DA:796,2
DA:801,2
DA:803,2
DA:806,2
DA:808,2
DA:821,4
DA:823,2
DA:825,2
DA:826,1
DA:827,3
DA:829,2
DA:830,2
DA:832,2
DA:835,2
DA:836,2
DA:837,8
DA:838,4
DA:840,2
DA:842,2
DA:844,2
DA:845,2
DA:846,2
DA:847,2
DA:850,2
LF:367
LH:355
end_of_record
SF:lib\src\page\unlogged_home.dart
DA:5,8
DA:10,1
DA:11,2
DA:14,1
DA:15,2
DA:18,4
DA:20,4
DA:21,4
DA:22,4
DA:24,4
DA:25,4
DA:27,4
DA:30,4
DA:31,4
DA:32,4
DA:33,4
DA:35,4
DA:37,4
DA:39,4
DA:41,4
DA:46,4
DA:47,4
DA:48,4
DA:49,4
DA:51,4
DA:52,4
DA:54,2
DA:55,4
DA:57,4
DA:59,4
DA:60,4
DA:62,4
DA:63,4
DA:67,4
DA:70,4
DA:72,4
DA:74,4
DA:75,4
DA:77,2
DA:78,4
DA:80,4
DA:82,4
DA:83,4
DA:85,4
DA:86,4
DA:89,4
DA:90,4
DA:96,4
DA:98,4
DA:99,4
LF:50
LH:50
end_of_record
SF:lib\src\bloc\settings\settings_event.dart
DA:8,2
DA:13,2
DA:18,2
DA:24,2
DA:29,2
DA:34,2
DA:39,2
DA:45,2
DA:49,2
DA:54,2
LF:10
LH:10
end_of_record
SF:lib\src\bloc\settings\settings_bloc.dart
DA:16,2
DA:18,4
DA:29,2
DA:32,2
DA:33,8
DA:34,2
DA:35,6
DA:36,2
DA:37,4
DA:38,2
DA:39,6
DA:40,2
DA:41,2
DA:43,2
DA:44,6
DA:45,2
DA:46,4
DA:47,2
DA:48,6
DA:49,6
DA:50,2
DA:51,6
DA:52,2
DA:53,4
DA:54,2
DA:55,6
DA:56,2
DA:57,4
DA:58,2
DA:59,6
DA:60,2
DA:61,2
DA:62,6
DA:63,2
DA:64,6
DA:68,2
DA:76,6
DA:77,6
DA:78,6
DA:79,6
DA:80,6
DA:81,4
DA:84,2
DA:87,6
DA:88,4
DA:89,2
DA:91,4
DA:93,2
DA:95,2
DA:103,2
DA:104,9
DA:105,3
DA:106,2
DA:111,6
DA:112,8
DA:113,4
DA:114,8
DA:115,8
DA:116,4
DA:117,8
DA:118,4
DA:119,8
DA:121,2
DA:122,2
DA:124,4
DA:125,6
DA:127,4
LF:67
LH:67
end_of_record
SF:lib\src\bloc\settings\settings_state.dart
DA:17,2
DA:32,2
DA:34,2
DA:35,2
DA:36,2
DA:37,2
DA:38,2
DA:39,2
DA:40,2
DA:41,2
DA:42,2
DA:43,2
DA:44,2
DA:45,2
DA:46,2
DA:50,2
DA:64,2
DA:65,2
DA:66,2
DA:67,2
DA:68,2
DA:69,2
DA:70,2
DA:71,2
DA:72,2
DA:73,2
DA:74,2
DA:75,2
DA:76,2
LF:29
LH:29
end_of_record
SF:lib\src\page\home\home.dart
DA:6,4
DA:8,2
DA:10,2
DA:14,2
DA:15,2
DA:16,4
DA:17,2
DA:19,2
LF:8
LH:8
end_of_record
SF:lib\src\ui\widgets\list_playlist.dart
DA:4,4
DA:6,2
DA:8,2
DA:9,2
DA:11,2
DA:12,2
DA:14,2
DA:15,2
DA:17,2
DA:18,2
DA:19,2
DA:21,2
DA:22,2
DA:23,2
DA:24,2
DA:26,2
DA:28,2
DA:30,2
DA:31,2
DA:35,0
DA:36,2
DA:38,2
DA:41,0
DA:42,2
DA:48,2
DA:50,2
DA:52,2
DA:54,2
DA:57,2
DA:62,2
DA:63,2
DA:64,2
DA:65,2
DA:67,2
DA:68,2
DA:70,2
DA:71,2
DA:75,2
DA:77,2
DA:79,2
DA:80,2
DA:84,2
DA:85,2
LF:43
LH:41
end_of_record
SF:lib\src\ui\widgets\list_rooms.dart
DA:4,4
DA:6,2
DA:8,2
DA:9,2
DA:11,2
DA:12,2
DA:14,2
DA:15,2
DA:17,2
DA:18,2
DA:20,2
DA:21,2
DA:22,2
DA:23,2
DA:25,2
DA:27,2
DA:29,2
DA:30,2
DA:34,0
DA:35,2
DA:37,2
DA:40,0
DA:41,2
DA:47,2
DA:49,2
DA:51,2
DA:53,2
DA:56,2
DA:61,2
DA:62,2
DA:63,2
DA:64,2
DA:66,2
DA:67,2
DA:69,2
DA:71,2
DA:75,2
DA:77,2
DA:79,2
DA:80,2
DA:84,2
DA:87,2
DA:91,0
LF:43
LH:40
end_of_record
SF:lib\src\page\home\home_page.dart
DA:15,6
DA:17,2
DA:18,2
DA:21,2
DA:23,2
DA:24,2
DA:25,1
DA:26,1
DA:27,1
DA:28,1
DA:29,1
DA:30,1
DA:32,0
DA:36,2
DA:38,2
DA:40,1
DA:42,1
DA:44,1
DA:52,2
DA:54,2
DA:55,2
DA:56,1
DA:57,2
DA:58,0
DA:61,2
DA:62,4
DA:63,2
DA:64,4
DA:65,2
DA:66,2
DA:67,2
DA:68,2
DA:72,2
DA:73,8
DA:74,2
DA:76,4
DA:78,8
DA:79,2
DA:80,2
DA:82,2
DA:84,6
DA:85,1
DA:86,2
DA:87,2
DA:88,2
DA:89,2
DA:93,2
DA:94,2
DA:99,2
DA:100,2
DA:104,2
DA:105,2
LF:52
LH:50
end_of_record
SF:lib\src\page\home\messenger.dart
DA:4,2
DA:6,1
DA:8,1
DA:12,1
DA:13,1
DA:14,1
DA:15,1
DA:18,0
DA:21,1
DA:22,1
DA:23,1
LF:11
LH:10
end_of_record
SF:lib\src\page\home\playlist.dart
DA:4,2
DA:6,1
DA:8,1
DA:12,1
DA:13,1
DA:14,1
DA:15,1
DA:18,0
DA:21,1
DA:22,1
DA:23,1
LF:11
LH:10
end_of_record
SF:lib\src\page\home\room.dart
DA:4,2
DA:6,1
DA:8,1
DA:12,1
DA:13,1
DA:14,1
DA:15,1
DA:18,0
DA:21,1
DA:22,1
DA:23,1
LF:11
LH:10
end_of_record
SF:lib\src\ui\widgets\popup_menu.dart
DA:7,4
DA:9,2
DA:11,2
DA:12,4
DA:14,2
DA:15,1
DA:16,1
DA:17,3
DA:18,1
DA:20,1
DA:22,1
DA:23,1
DA:25,1
DA:30,2
DA:36,1
DA:37,1
DA:38,0
DA:39,0
DA:41,1
DA:43,1
DA:45,1
DA:46,1
DA:48,1
DA:50,2
LF:24
LH:22
end_of_record
SF:lib\src\page\settings.dart
DA:25,2
DA:28,2
DA:30,1
DA:31,1
DA:35,1
DA:37,1
DA:38,4
DA:39,1
DA:40,1
DA:41,2
DA:42,2
DA:43,1
DA:44,1
DA:45,1
DA:46,1
DA:49,4
DA:50,3
DA:51,2
DA:52,1
DA:53,1
DA:54,3
DA:59,1
DA:60,1
DA:61,1
DA:65,1
DA:67,1
DA:69,1
DA:70,1
DA:71,1
DA:72,3
DA:73,1
DA:74,1
DA:76,1
DA:77,1
DA:78,1
DA:80,1
DA:82,1
DA:83,2
DA:85,1
DA:86,1
DA:87,1
DA:89,1
DA:91,1
DA:99,1
DA:100,1
DA:104,1
DA:105,1
DA:106,1
DA:107,1
DA:108,1
DA:110,1
DA:112,1
DA:116,1
DA:117,1
DA:118,3
DA:119,1
DA:120,1
DA:121,1
DA:122,1
DA:123,2
DA:124,1
DA:126,4
DA:128,3
DA:132,1
DA:133,1
DA:134,3
DA:135,1
DA:136,1
DA:137,1
DA:139,1
DA:140,2
DA:142,2
DA:143,1
DA:144,4
DA:148,1
DA:149,1
DA:150,3
DA:151,1
DA:152,1
DA:153,1
DA:155,1
DA:156,2
DA:158,1
DA:160,4
DA:163,1
DA:164,1
DA:165,3
DA:166,1
DA:167,1
DA:168,1
DA:169,1
DA:170,2
DA:171,1
DA:173,4
DA:177,1
DA:178,1
DA:179,3
DA:180,1
DA:181,1
DA:182,1
DA:184,1
DA:185,2
DA:187,1
DA:188,1
DA:189,4
DA:192,1
DA:193,1
DA:194,3
DA:195,1
DA:196,1
DA:197,1
DA:198,2
DA:199,0
DA:200,0
DA:204,2
DA:205,1
DA:210,1
DA:216,1
DA:217,1
DA:218,3
DA:219,1
DA:220,1
DA:221,1
DA:222,2
DA:224,0
DA:225,0
DA:230,1
DA:231,2
DA:236,1
DA:242,1
DA:243,1
DA:244,3
DA:245,1
DA:246,1
DA:247,1
DA:248,2
DA:249,1
DA:251,1
DA:252,1
DA:254,1
DA:255,1
DA:256,1
DA:257,1
LF:143
LH:139
end_of_record
SF:lib\src\ui\widgets\bio_input.dart
DA:8,1
DA:13,1
DA:17,1
DA:18,1
DA:24,1
DA:26,1
DA:28,1
DA:30,1
DA:32,1
DA:33,1
DA:35,2
DA:38,2
DA:39,2
DA:40,1
DA:42,1
DA:48,1
DA:54,1
DA:58,2
DA:61,1
DA:63,1
DA:64,1
DA:68,1
LF:22
LH:22
end_of_record
SF:lib\src\ui\widgets\birth_input.dart
DA:4,1
DA:9,1
DA:13,1
DA:14,1
DA:23,1
DA:24,2
DA:26,3
DA:27,1
DA:28,1
DA:31,2
DA:32,4
DA:33,2
DA:37,1
DA:39,1
DA:41,1
DA:43,1
DA:45,1
DA:47,2
DA:48,1
DA:49,3
DA:50,9
DA:51,1
DA:52,1
DA:53,1
DA:54,2
DA:55,1
DA:57,1
DA:59,1
DA:65,1
DA:71,1
DA:75,2
DA:78,1
DA:80,1
DA:81,1
DA:85,1
LF:35
LH:35
end_of_record
SF:lib\src\ui\widgets\email_input.dart
DA:7,1
DA:12,1
DA:16,1
DA:17,1
DA:21,1
DA:23,1
DA:24,2
DA:29,1
DA:31,1
DA:33,1
DA:35,1
DA:37,1
DA:38,2
DA:40,2
DA:41,1
DA:42,1
DA:44,0
DA:47,2
DA:50,1
DA:52,1
DA:58,1
DA:64,1
DA:68,2
DA:71,1
DA:73,1
DA:76,1
LF:26
LH:25
end_of_record
SF:lib\src\ui\widgets\gender_input.dart
DA:7,1
DA:11,1
DA:15,1
DA:16,1
DA:20,1
DA:22,1
DA:24,1
DA:26,1
DA:29,1
DA:33,1
DA:35,1
DA:37,1
DA:39,1
DA:40,1
DA:41,1
DA:43,1
DA:44,1
DA:50,1
DA:52,1
DA:53,1
DA:54,1
DA:56,3
DA:57,1
DA:58,3
DA:59,1
DA:61,1
DA:63,1
DA:64,1
DA:66,3
DA:67,1
DA:68,3
DA:69,2
DA:70,1
DA:72,1
DA:73,3
DA:74,1
DA:75,3
DA:77,1
DA:79,1
DA:84,1
DA:85,1
DA:87,1
DA:89,1
LF:43
LH:43
end_of_record
SF:lib\src\ui\widgets\musical_interests_input.dart
DA:5,1
DA:10,1
DA:15,1
DA:16,1
DA:25,1
DA:26,2
DA:27,1
DA:29,2
DA:33,1
DA:36,1
DA:37,1
DA:39,1
DA:40,1
DA:41,4
DA:43,2
DA:44,3
DA:45,1
DA:47,0
DA:50,1
DA:51,2
DA:52,1
DA:53,1
DA:54,1
DA:55,1
DA:57,1
DA:59,2
DA:61,2
DA:66,1
DA:68,1
DA:70,1
DA:72,1
DA:74,1
DA:78,2
DA:79,1
DA:80,4
DA:81,1
DA:82,1
DA:83,2
DA:84,1
DA:86,1
DA:88,1
DA:94,1
DA:100,1
DA:104,2
DA:107,1
DA:109,1
DA:110,1
DA:114,1
LF:48
LH:47
end_of_record
SF:lib\src\ui\widgets\password_input.dart
DA:4,1
DA:12,1
DA:21,1
DA:22,1
DA:29,1
DA:31,1
DA:33,1
DA:35,1
DA:36,1
DA:37,1
DA:39,1
DA:40,1
DA:41,1
DA:42,2
DA:44,1
DA:45,2
DA:46,2
DA:47,2
DA:48,1
DA:49,1
DA:50,0
DA:51,0
DA:53,2
DA:58,1
DA:64,1
DA:70,1
DA:75,2
DA:78,1
DA:80,1
DA:81,1
DA:83,2
DA:85,1
DA:87,1
DA:90,1
DA:92,1
LF:35
LH:33
end_of_record
SF:lib\src\ui\widgets\pseudo_input.dart
DA:8,1
DA:14,1
DA:19,1
DA:20,1
DA:25,1
DA:26,2
DA:29,3
DA:35,1
DA:36,1
DA:37,1
DA:38,2
DA:40,1
DA:41,2
DA:44,1
DA:46,1
DA:48,1
DA:50,1
DA:52,1
DA:53,1
DA:54,2
DA:55,2
DA:56,1
DA:57,2
DA:59,3
DA:62,1
DA:63,2
DA:64,1
DA:65,3
DA:67,1
DA:73,1
DA:79,1
DA:83,2
DA:86,1
DA:88,1
DA:89,1
DA:93,1
LF:36
LH:36
end_of_record
SF:lib\src\router.dart
DA:23,2
DA:25,1
DA:26,1
DA:43,1
DA:45,1
DA:46,3
DA:47,1
DA:48,4
DA:49,1
DA:50,1
DA:51,1
DA:52,1
DA:53,1
DA:54,4
DA:56,0
DA:59,1
DA:61,1
DA:62,3
DA:63,1
DA:65,1
DA:66,1
DA:72,1
DA:73,1
DA:74,4
DA:77,0
DA:78,1
DA:79,1
DA:81,1
DA:82,1
DA:83,1
DA:85,1
DA:86,1
DA:89,1
DA:91,1
DA:92,1
DA:94,1
DA:95,1
DA:97,1
DA:98,1
LF:39
LH:37
end_of_record
